2025-05-24 15:04:02,038 - === 시간 측정 시작: 2025-05-24 15:04:02.038688 ===
2025-05-24 15:04:02,038 - 로그 파일: ../logs/GConvLSTM_partial_20250524_150402.log
2025-05-24 15:04:07,491 - Iter  0 | CorenessManager 초기화  |   4.6107s
2025-05-24 15:04:07,723 - Iter  0 | 모델 초기화               |   0.2320s
2025-05-24 19:18:18,923 - Iter  0 | 초기 Follower 계산       | 15251.2000s | nodes: 29114
2025-05-24 19:18:27,320 - Iter  0 | 초기 데이터 준비            |   8.3967s
2025-05-24 19:18:27,321 - 
--- Iteration 1/10 시작 ---
2025-05-24 19:18:36,568 - Iter  1 | 초기 학습                |   8.1453s | epochs: 200
2025-05-24 19:18:36,630 - Iter  1 | EWC 초기화              |   0.0616s
2025-05-24 19:18:36,660 - Iter  1 | Follower 예측          |   0.0301s
2025-05-24 19:18:36,677 - Iter  1 | 노드 선택                |   0.0164s | selected: 189
2025-05-24 19:18:37,034 - Iter  1 | Coreness Loss 계산     |   0.3568s | loss: 601
2025-05-24 19:18:37,676 - Iter  1 | Subgraph 생성          |   0.6420s | nodes: 15404
2025-05-24 19:18:38,586 - Iter  1 | 노드 제거                |   0.9092s
2025-05-24 19:21:28,530 - Iter  1 | Follower 업데이트        | 169.9446s | computed: 300
2025-05-24 19:21:38,340 - Iter  1 | 데이터 업데이트             |   9.8091s
2025-05-24 19:21:38,340 - Iter  1 | Iteration 총 시간       | 191.0191s
2025-05-24 19:21:38,340 - --- Iteration 1 완료 ---

2025-05-24 19:21:38,340 - 
--- Iteration 2/10 시작 ---
2025-05-24 19:21:46,651 - Iter  2 | 연속 학습                |   7.4076s | epochs: 100
2025-05-24 19:21:46,718 - Iter  2 | EWC 업데이트             |   0.0664s
2025-05-24 19:21:46,770 - Iter  2 | Follower 예측          |   0.0519s
2025-05-24 19:21:46,791 - Iter  2 | 노드 선택                |   0.0209s | selected: 204
2025-05-24 19:21:47,132 - Iter  2 | Coreness Loss 계산     |   0.3407s | loss: 1060
2025-05-24 19:21:47,500 - Iter  2 | Subgraph 생성          |   0.3677s | nodes: 9536
2025-05-24 19:21:47,951 - Iter  2 | 노드 제거                |   0.4512s
2025-05-24 19:24:05,065 - Iter  2 | Follower 업데이트        | 137.1142s | computed: 229
2025-05-24 19:24:13,735 - Iter  2 | 데이터 업데이트             |   8.6691s
2025-05-24 19:24:13,735 - Iter  2 | Iteration 총 시간       | 155.3948s
2025-05-24 19:24:13,735 - --- Iteration 2 완료 ---

2025-05-24 19:24:13,735 - 
--- Iteration 3/10 시작 ---
2025-05-24 19:24:24,139 - Iter  3 | 연속 학습                |   9.5416s | epochs: 100
2025-05-24 19:24:24,228 - Iter  3 | EWC 업데이트             |   0.0880s
2025-05-24 19:24:24,295 - Iter  3 | Follower 예측          |   0.0664s
2025-05-24 19:24:24,311 - Iter  3 | 노드 선택                |   0.0166s | selected: 245
2025-05-24 19:24:24,650 - Iter  3 | Coreness Loss 계산     |   0.3382s | loss: 1428
2025-05-24 19:24:24,841 - Iter  3 | Subgraph 생성          |   0.1906s | nodes: 3552
2025-05-24 19:24:25,281 - Iter  3 | 노드 제거                |   0.4405s
2025-05-24 19:26:20,539 - Iter  3 | Follower 업데이트        | 115.2574s | computed: 184
2025-05-24 19:26:28,241 - Iter  3 | 데이터 업데이트             |   7.7024s
2025-05-24 19:26:28,242 - Iter  3 | Iteration 총 시간       | 134.5066s
2025-05-24 19:26:28,242 - --- Iteration 3 완료 ---

2025-05-24 19:26:28,242 - 
--- Iteration 4/10 시작 ---
2025-05-24 19:26:40,121 - Iter  4 | 연속 학습                |  11.5210s | epochs: 100
2025-05-24 19:26:40,236 - Iter  4 | EWC 업데이트             |   0.1142s
2025-05-24 19:26:40,315 - Iter  4 | Follower 예측          |   0.0787s
2025-05-24 19:26:40,333 - Iter  4 | 노드 선택                |   0.0172s | selected: 6710
2025-05-24 19:26:40,671 - Iter  4 | Coreness Loss 계산     |   0.3382s | loss: 1674
2025-05-24 19:26:40,880 - Iter  4 | Subgraph 생성          |   0.2091s | nodes: 5071
2025-05-24 19:26:40,991 - Iter  4 | 노드 제거                |   0.1103s
2025-05-24 19:27:52,654 - Iter  4 | Follower 업데이트        |  71.6630s | computed: 123
2025-05-24 19:28:00,194 - Iter  4 | 데이터 업데이트             |   7.5395s
2025-05-24 19:28:00,194 - Iter  4 | Iteration 총 시간       |  91.9521s
2025-05-24 19:28:00,194 - --- Iteration 4 완료 ---

2025-05-24 19:28:00,194 - 
--- Iteration 5/10 시작 ---
2025-05-24 19:28:14,016 - Iter  5 | 연속 학습                |  13.4635s | epochs: 100
2025-05-24 19:28:14,143 - Iter  5 | EWC 업데이트             |   0.1264s
2025-05-24 19:28:14,237 - Iter  5 | Follower 예측          |   0.0932s
2025-05-24 19:28:14,253 - Iter  5 | 노드 선택                |   0.0158s | selected: 1678
2025-05-24 19:28:14,582 - Iter  5 | Coreness Loss 계산     |   0.3287s | loss: 2268
2025-05-24 19:28:14,815 - Iter  5 | Subgraph 생성          |   0.2337s | nodes: 4699
2025-05-24 19:28:15,302 - Iter  5 | 노드 제거                |   0.4862s
2025-05-24 19:31:25,445 - Iter  5 | Follower 업데이트        | 190.1426s | computed: 297
2025-05-24 19:31:33,481 - Iter  5 | 데이터 업데이트             |   8.0356s
2025-05-24 19:31:33,481 - Iter  5 | Iteration 총 시간       | 213.2870s
2025-05-24 19:31:33,481 - --- Iteration 5 완료 ---

2025-05-24 19:31:33,481 - 
--- Iteration 6/10 시작 ---
2025-05-24 19:31:49,159 - Iter  6 | 연속 학습                |  15.3043s | epochs: 100
2025-05-24 19:31:49,302 - Iter  6 | EWC 업데이트             |   0.1421s
2025-05-24 19:31:49,409 - Iter  6 | Follower 예측          |   0.1062s
2025-05-24 19:31:49,422 - Iter  6 | 노드 선택                |   0.0135s | selected: 935
2025-05-24 19:31:49,741 - Iter  6 | Coreness Loss 계산     |   0.3183s | loss: 2611
2025-05-24 19:31:50,071 - Iter  6 | Subgraph 생성          |   0.3303s | nodes: 7640
2025-05-24 19:31:50,379 - Iter  6 | 노드 제거                |   0.3077s
2025-05-24 19:33:33,262 - Iter  6 | Follower 업데이트        | 102.8825s | computed: 172
2025-05-24 19:33:41,382 - Iter  6 | 데이터 업데이트             |   8.1193s
2025-05-24 19:33:41,382 - Iter  6 | Iteration 총 시간       | 127.9009s
2025-05-24 19:33:41,382 - --- Iteration 6 완료 ---

2025-05-24 19:33:41,382 - 
--- Iteration 7/10 시작 ---
2025-05-24 19:33:58,928 - Iter  7 | 연속 학습                |  17.1805s | epochs: 100
2025-05-24 19:33:59,089 - Iter  7 | EWC 업데이트             |   0.1601s
2025-05-24 19:33:59,210 - Iter  7 | Follower 예측          |   0.1201s
2025-05-24 19:33:59,224 - Iter  7 | 노드 선택                |   0.0138s | selected: 1150
2025-05-24 19:34:00,244 - Iter  7 | Coreness Loss 계산     |   1.0199s | loss: 2879
2025-05-24 19:34:00,542 - Iter  7 | Subgraph 생성          |   0.2985s | nodes: 6789
2025-05-24 19:34:00,689 - Iter  7 | 노드 제거                |   0.1465s
2025-05-24 19:35:20,916 - Iter  7 | Follower 업데이트        |  80.2262s | computed: 134
2025-05-24 19:35:29,711 - Iter  7 | 데이터 업데이트             |   8.7947s
2025-05-24 19:35:29,711 - Iter  7 | Iteration 총 시간       | 108.3289s
2025-05-24 19:35:29,711 - --- Iteration 7 완료 ---

2025-05-24 19:35:29,711 - 
--- Iteration 8/10 시작 ---
2025-05-24 19:35:48,802 - Iter  8 | 연속 학습                |  18.7195s | epochs: 100
2025-05-24 19:35:48,982 - Iter  8 | EWC 업데이트             |   0.1788s
2025-05-24 19:35:49,117 - Iter  8 | Follower 예측          |   0.1342s
2025-05-24 19:35:49,130 - Iter  8 | 노드 선택                |   0.0128s | selected: 35
2025-05-24 19:35:49,463 - Iter  8 | Coreness Loss 계산     |   0.3337s | loss: 3464
2025-05-24 19:35:49,939 - Iter  8 | Subgraph 생성          |   0.4758s | nodes: 11877
2025-05-24 19:35:50,460 - Iter  8 | 노드 제거                |   0.5205s
2025-05-24 19:38:44,483 - Iter  8 | Follower 업데이트        | 174.0224s | computed: 293
2025-05-24 19:38:53,590 - Iter  8 | 데이터 업데이트             |   9.1066s
2025-05-24 19:38:53,590 - Iter  8 | Iteration 총 시간       | 203.8789s
2025-05-24 19:38:53,590 - --- Iteration 8 완료 ---

2025-05-24 19:38:53,590 - 
--- Iteration 9/10 시작 ---
2025-05-24 19:39:15,309 - Iter  9 | 연속 학습                |  20.8712s | epochs: 100
2025-05-24 19:39:15,513 - Iter  9 | EWC 업데이트             |   0.2032s
2025-05-24 19:39:15,664 - Iter  9 | Follower 예측          |   0.1498s
2025-05-24 19:39:15,677 - Iter  9 | 노드 선택                |   0.0132s | selected: 114
2025-05-24 19:39:16,017 - Iter  9 | Coreness Loss 계산     |   0.3396s | loss: 4154
2025-05-24 19:39:16,500 - Iter  9 | Subgraph 생성          |   0.4824s | nodes: 12452
2025-05-24 19:39:17,318 - Iter  9 | 노드 제거                |   0.8186s
2025-05-24 19:42:27,984 - Iter  9 | Follower 업데이트        | 190.6655s | computed: 346
2025-05-24 19:42:38,840 - Iter  9 | 데이터 업데이트             |  10.8555s
2025-05-24 19:42:38,840 - Iter  9 | Iteration 총 시간       | 225.2502s
2025-05-24 19:42:38,840 - --- Iteration 9 완료 ---

2025-05-24 19:42:38,840 - 
--- Iteration 10/10 시작 ---
2025-05-24 19:43:01,758 - Iter 10 | 연속 학습                |  22.4918s | epochs: 100
2025-05-24 19:43:01,974 - Iter 10 | EWC 업데이트             |   0.2149s
2025-05-24 19:43:02,140 - Iter 10 | Follower 예측          |   0.1648s
2025-05-24 19:43:02,151 - Iter 10 | 노드 선택                |   0.0110s | selected: 457
2025-05-24 19:43:03,060 - Iter 10 | Coreness Loss 계산     |   0.9085s | loss: 5147
2025-05-24 19:43:03,441 - Iter 10 | Subgraph 생성          |   0.3815s | nodes: 9635
2025-05-24 19:43:04,177 - Iter 10 | 노드 제거                |   0.7353s
2025-05-24 19:47:39,457 - Iter 10 | Follower 업데이트        | 275.2799s | computed: 497
2025-05-24 19:47:47,765 - Iter 10 | 데이터 업데이트             |   8.3080s
2025-05-24 19:47:47,765 - Iter 10 | Iteration 총 시간       | 308.9251s
2025-05-24 19:47:47,765 - --- Iteration 10 완료 ---

2025-05-24 19:47:47,765 - === 전체 실행 완료: 2025-05-24 19:47:47.765746 ===
2025-05-24 19:47:47,765 - 총 실행 시간: 17025.7267s
