2025-05-24 15:04:25,761 - === 시간 측정 시작: 2025-05-24 15:04:25.761755 ===
2025-05-24 15:04:25,762 - 로그 파일: ../logs/origin_GConvLSTM_partial_20250524_150425.log
2025-05-24 15:04:26,953 - Iter  0 | CorenessManager 초기화  |   0.3580s
2025-05-24 15:04:27,576 - Iter  0 | 모델 초기화               |   0.6225s
2025-05-24 21:40:06,610 - Iter  0 | 초기 Follower 계산       | 23739.0343s | nodes: 29114
2025-05-24 21:40:13,637 - Iter  0 | 초기 데이터 준비            |   7.0260s
2025-05-24 21:40:13,637 - 
--- Iteration 1/10 시작 ---
2025-05-24 21:40:21,846 - Iter  1 | 초기 학습                |   7.8361s | epochs: 200
2025-05-24 21:40:21,913 - Iter  1 | EWC 초기화              |   0.0663s
2025-05-24 21:40:21,940 - Iter  1 | Follower 예측          |   0.0271s
2025-05-24 21:40:21,960 - Iter  1 | 노드 선택                |   0.0196s | selected: 40
2025-05-24 21:40:23,364 - Iter  1 | Coreness Loss 계산     |   1.4044s | loss: 1011
2025-05-24 21:40:24,064 - Iter  1 | Subgraph 생성          |   0.6997s | nodes: 17206
2025-05-24 21:40:24,067 - Iter  1 | 노드 제거                |   0.0022s
2025-05-24 21:47:21,395 - Iter  1 | Follower 업데이트        | 417.3279s | computed: 505
2025-05-24 21:47:31,951 - Iter  1 | 데이터 업데이트             |  10.5555s
2025-05-24 21:47:31,951 - Iter  1 | Iteration 총 시간       | 438.3138s
2025-05-24 21:47:31,951 - --- Iteration 1 완료 ---

2025-05-24 21:47:31,951 - 
--- Iteration 2/10 시작 ---
2025-05-24 21:47:40,474 - Iter  2 | 연속 학습                |   7.8090s | epochs: 100
2025-05-24 21:47:40,548 - Iter  2 | EWC 업데이트             |   0.0725s
2025-05-24 21:47:40,596 - Iter  2 | Follower 예측          |   0.0485s
2025-05-24 21:47:40,618 - Iter  2 | 노드 선택                |   0.0208s | selected: 457
2025-05-24 21:47:41,377 - Iter  2 | Coreness Loss 계산     |   0.7592s | loss: 1966
2025-05-24 21:47:42,153 - Iter  2 | Subgraph 생성          |   0.7759s | nodes: 9986
2025-05-24 21:47:42,155 - Iter  2 | 노드 제거                |   0.0016s
2025-05-24 21:54:15,059 - Iter  2 | Follower 업데이트        | 392.9037s | computed: 477
2025-05-24 21:54:24,082 - Iter  2 | 데이터 업데이트             |   9.0233s
2025-05-24 21:54:24,082 - Iter  2 | Iteration 총 시간       | 412.1316s
2025-05-24 21:54:24,082 - --- Iteration 2 완료 ---

2025-05-24 21:54:24,082 - 
--- Iteration 3/10 시작 ---
2025-05-24 21:54:34,078 - Iter  3 | 연속 학습                |   9.6680s | epochs: 100
2025-05-24 21:54:34,166 - Iter  3 | EWC 업데이트             |   0.0879s
2025-05-24 21:54:34,230 - Iter  3 | Follower 예측          |   0.0635s
2025-05-24 21:54:34,251 - Iter  3 | 노드 선택                |   0.0213s | selected: 189
2025-05-24 21:54:35,574 - Iter  3 | Coreness Loss 계산     |   1.3229s | loss: 2736
2025-05-24 21:54:36,262 - Iter  3 | Subgraph 생성          |   0.6874s | nodes: 15058
2025-05-24 21:54:36,264 - Iter  3 | 노드 제거                |   0.0017s
2025-05-24 21:59:51,702 - Iter  3 | Follower 업데이트        | 315.4382s | computed: 385
2025-05-24 22:00:01,890 - Iter  3 | 데이터 업데이트             |  10.1873s
2025-05-24 22:00:01,890 - Iter  3 | Iteration 총 시간       | 337.8076s
2025-05-24 22:00:01,890 - --- Iteration 3 완료 ---

2025-05-24 22:00:01,890 - 
--- Iteration 4/10 시작 ---
2025-05-24 22:00:13,827 - Iter  4 | 연속 학습                |  11.6129s | epochs: 100
2025-05-24 22:00:13,939 - Iter  4 | EWC 업데이트             |   0.1114s
2025-05-24 22:00:14,024 - Iter  4 | Follower 예측          |   0.0840s
2025-05-24 22:00:14,041 - Iter  4 | 노드 선택                |   0.0173s | selected: 157
2025-05-24 22:00:15,332 - Iter  4 | Coreness Loss 계산     |   1.2900s | loss: 3514
2025-05-24 22:00:15,923 - Iter  4 | Subgraph 생성          |   0.5916s | nodes: 14542
2025-05-24 22:00:15,925 - Iter  4 | 노드 제거                |   0.0014s
2025-05-24 22:05:31,695 - Iter  4 | Follower 업데이트        | 315.7696s | computed: 389
2025-05-24 22:05:41,461 - Iter  4 | 데이터 업데이트             |   9.7664s
2025-05-24 22:05:41,462 - Iter  4 | Iteration 총 시간       | 339.5716s
2025-05-24 22:05:41,462 - --- Iteration 4 완료 ---

2025-05-24 22:05:41,462 - 
--- Iteration 5/10 시작 ---
2025-05-24 22:05:55,732 - Iter  5 | 연속 학습                |  13.5619s | epochs: 100
2025-05-24 22:05:55,866 - Iter  5 | EWC 업데이트             |   0.1332s
2025-05-24 22:05:55,962 - Iter  5 | Follower 예측          |   0.0962s
2025-05-24 22:05:55,979 - Iter  5 | 노드 선택                |   0.0160s | selected: 106
2025-05-24 22:05:57,106 - Iter  5 | Coreness Loss 계산     |   1.1274s | loss: 4166
2025-05-24 22:05:57,690 - Iter  5 | Subgraph 생성          |   0.5834s | nodes: 13446
2025-05-24 22:05:57,691 - Iter  5 | 노드 제거                |   0.0013s
2025-05-24 22:10:25,913 - Iter  5 | Follower 업데이트        | 268.2217s | computed: 326
2025-05-24 22:10:35,876 - Iter  5 | 데이터 업데이트             |   9.9631s
2025-05-24 22:10:35,877 - Iter  5 | Iteration 총 시간       | 294.4149s
2025-05-24 22:10:35,877 - --- Iteration 5 완료 ---

2025-05-24 22:10:35,877 - 
--- Iteration 6/10 시작 ---
2025-05-24 22:10:51,826 - Iter  6 | 연속 학습                |  15.6293s | epochs: 100
2025-05-24 22:10:51,982 - Iter  6 | EWC 업데이트             |   0.1549s
2025-05-24 22:10:52,097 - Iter  6 | Follower 예측          |   0.1148s
2025-05-24 22:10:52,110 - Iter  6 | 노드 선택                |   0.0131s | selected: 545
2025-05-24 22:10:52,800 - Iter  6 | Coreness Loss 계산     |   0.6898s | loss: 4675
2025-05-24 22:10:53,078 - Iter  6 | Subgraph 생성          |   0.2780s | nodes: 5516
2025-05-24 22:10:53,079 - Iter  6 | 노드 제거                |   0.0008s
2025-05-24 22:14:32,189 - Iter  6 | Follower 업데이트        | 219.1092s | computed: 254
2025-05-24 22:14:40,679 - Iter  6 | 데이터 업데이트             |   8.4895s
2025-05-24 22:14:40,679 - Iter  6 | Iteration 총 시간       | 244.8020s
2025-05-24 22:14:40,679 - --- Iteration 6 완료 ---

2025-05-24 22:14:40,680 - 
--- Iteration 7/10 시작 ---
2025-05-24 22:14:58,394 - Iter  7 | 연속 학습                |  17.3878s | epochs: 100
2025-05-24 22:14:58,564 - Iter  7 | EWC 업데이트             |   0.1695s
2025-05-24 22:14:58,689 - Iter  7 | Follower 예측          |   0.1234s
2025-05-24 22:14:58,702 - Iter  7 | 노드 선택                |   0.0131s | selected: 48
2025-05-24 22:14:59,954 - Iter  7 | Coreness Loss 계산     |   1.2521s | loss: 5181
2025-05-24 22:15:00,401 - Iter  7 | Subgraph 생성          |   0.4464s | nodes: 9925
2025-05-24 22:15:00,402 - Iter  7 | 노드 제거                |   0.0009s
2025-05-24 22:18:31,631 - Iter  7 | Follower 업데이트        | 211.2292s | computed: 254
2025-05-24 22:18:40,577 - Iter  7 | 데이터 업데이트             |   8.9462s
2025-05-24 22:18:40,578 - Iter  7 | Iteration 총 시간       | 239.8989s
2025-05-24 22:18:40,578 - --- Iteration 7 완료 ---

2025-05-24 22:18:40,578 - 
--- Iteration 8/10 시작 ---
2025-05-24 22:19:00,479 - Iter  8 | 연속 학습                |  19.5766s | epochs: 100
2025-05-24 22:19:00,664 - Iter  8 | EWC 업데이트             |   0.1845s
2025-05-24 22:19:00,803 - Iter  8 | Follower 예측          |   0.1383s
2025-05-24 22:19:00,815 - Iter  8 | 노드 선택                |   0.0116s | selected: 114
2025-05-24 22:19:01,479 - Iter  8 | Coreness Loss 계산     |   0.6639s | loss: 6015
2025-05-24 22:19:02,594 - Iter  8 | Subgraph 생성          |   1.1146s | nodes: 11811
2025-05-24 22:19:02,596 - Iter  8 | 노드 제거                |   0.0013s
2025-05-24 22:24:35,362 - Iter  8 | Follower 업데이트        | 332.7662s | computed: 418
2025-05-24 22:24:44,741 - Iter  8 | 데이터 업데이트             |   9.3795s
2025-05-24 22:24:44,742 - Iter  8 | Iteration 총 시간       | 364.1639s
2025-05-24 22:24:44,742 - --- Iteration 8 완료 ---

2025-05-24 22:24:44,742 - 
--- Iteration 9/10 시작 ---
2025-05-24 22:25:06,138 - Iter  9 | 연속 학습                |  21.0744s | epochs: 100
2025-05-24 22:25:06,341 - Iter  9 | EWC 업데이트             |   0.2016s
2025-05-24 22:25:06,496 - Iter  9 | Follower 예측          |   0.1547s
2025-05-24 22:25:06,508 - Iter  9 | 노드 선택                |   0.0119s | selected: 1678
2025-05-24 22:25:07,179 - Iter  9 | Coreness Loss 계산     |   0.6708s | loss: 6549
2025-05-24 22:25:07,397 - Iter  9 | Subgraph 생성          |   0.2180s | nodes: 3948
2025-05-24 22:25:07,398 - Iter  9 | 노드 제거                |   0.0008s
2025-05-24 22:28:46,127 - Iter  9 | Follower 업데이트        | 218.7291s | computed: 267
2025-05-24 22:28:53,840 - Iter  9 | 데이터 업데이트             |   7.7130s
2025-05-24 22:28:53,841 - Iter  9 | Iteration 총 시간       | 249.0989s
2025-05-24 22:28:53,841 - --- Iteration 9 완료 ---

2025-05-24 22:28:53,841 - 
--- Iteration 10/10 시작 ---
2025-05-24 22:29:17,509 - Iter 10 | 연속 학습                |  22.9505s | epochs: 100
2025-05-24 22:29:17,733 - Iter 10 | EWC 업데이트             |   0.2231s
2025-05-24 22:29:17,897 - Iter 10 | Follower 예측          |   0.1629s
2025-05-24 22:29:17,908 - Iter 10 | 노드 선택                |   0.0108s | selected: 204
2025-05-24 22:29:18,611 - Iter 10 | Coreness Loss 계산     |   0.7029s | loss: 6980
2025-05-24 22:29:18,965 - Iter 10 | Subgraph 생성          |   0.3534s | nodes: 8216
2025-05-24 22:29:18,966 - Iter 10 | 노드 제거                |   0.0008s
2025-05-24 22:32:33,063 - Iter 10 | Follower 업데이트        | 194.0969s | computed: 217
2025-05-24 22:32:41,404 - Iter 10 | 데이터 업데이트             |   8.3415s
2025-05-24 22:32:41,405 - Iter 10 | Iteration 총 시간       | 227.5639s
2025-05-24 22:32:41,405 - --- Iteration 10 완료 ---

2025-05-24 22:32:41,405 - === 전체 실행 완료: 2025-05-24 22:32:41.405121 ===
2025-05-24 22:32:41,405 - 총 실행 시간: 26895.6430s
