nohup: ignoring input
=== 시간 측정 시작: 2025-05-24 19:57:04.302583 ===
로그 파일: ../logs/GConvLSTM_partial_20250524_195704.log
Iter  0 | CorenessManager 초기화  |   0.1519s
Iter  0 | 모델 초기화               |   0.5416s
Iter  0 | 초기 Follower 계산       |  21.5402s | nodes: 612
Iter  0 | 초기 데이터 준비            |   1.1258s

--- Iteration 1/10 시작 ---
Iter  1 | 초기 학습                |   6.5873s | epochs: 200
Iter  1 | EWC 초기화              |   0.0624s
Iter  1 | Follower 예측          |   0.0210s
Iter  1 | 노드 선택                |   0.0003s | selected: 79
Iter  1 | Coreness Loss 계산     |   0.0227s | loss: 311
Iter  1 | Subgraph 생성          |   0.0805s | nodes: 1017
Iter  1 | 노드 제거                |   0.1811s
Iter  1 | Follower 업데이트        |   7.4267s | computed: 155
Iter  1 | 데이터 업데이트             |   1.2029s
Iter  1 | Iteration 총 시간       |  15.6094s
--- Iteration 1 완료 ---


--- Iteration 2/10 시작 ---
Iter  2 | 연속 학습                |   6.7907s | epochs: 100
Iter  2 | EWC 업데이트             |   0.0586s
Iter  2 | Follower 예측          |   0.0430s
Iter  2 | 노드 선택                |   0.0006s | selected: 757
Iter  2 | Coreness Loss 계산     |   0.0322s | loss: 643
Iter  2 | Subgraph 생성          |   0.0836s | nodes: 853
Iter  2 | 노드 제거                |   0.1172s
