nohup: ignoring input
=== 시간 측정 시작: 2025-05-24 15:04:25.761755 ===
로그 파일: ../logs/origin_GConvLSTM_partial_20250524_150425.log
Iter  0 | CorenessManager 초기화  |   0.3580s
Iter  0 | 모델 초기화               |   0.6225s
Iter  0 | 초기 Follower 계산       | 23739.0343s | nodes: 29114
Iter  0 | 초기 데이터 준비            |   7.0260s

--- Iteration 1/10 시작 ---
Iter  1 | 초기 학습                |   7.8361s | epochs: 200
Iter  1 | EWC 초기화              |   0.0663s
Iter  1 | Follower 예측          |   0.0271s
Iter  1 | 노드 선택                |   0.0196s | selected: 40
Iter  1 | Coreness Loss 계산     |   1.4044s | loss: 1011
Iter  1 | Subgraph 생성          |   0.6997s | nodes: 17206
Iter  1 | 노드 제거                |   0.0022s
Iter  1 | Follower 업데이트        | 417.3279s | computed: 505
Iter  1 | 데이터 업데이트             |  10.5555s
Iter  1 | Iteration 총 시간       | 438.3138s
--- Iteration 1 완료 ---


--- Iteration 2/10 시작 ---
Iter  2 | 연속 학습                |   7.8090s | epochs: 100
Iter  2 | EWC 업데이트             |   0.0725s
Iter  2 | Follower 예측          |   0.0485s
Iter  2 | 노드 선택                |   0.0208s | selected: 457
Iter  2 | Coreness Loss 계산     |   0.7592s | loss: 1966
Iter  2 | Subgraph 생성          |   0.7759s | nodes: 9986
Iter  2 | 노드 제거                |   0.0016s
Iter  2 | Follower 업데이트        | 392.9037s | computed: 477
Iter  2 | 데이터 업데이트             |   9.0233s
Iter  2 | Iteration 총 시간       | 412.1316s
--- Iteration 2 완료 ---


--- Iteration 3/10 시작 ---
Iter  3 | 연속 학습                |   9.6680s | epochs: 100
Iter  3 | EWC 업데이트             |   0.0879s
Iter  3 | Follower 예측          |   0.0635s
Iter  3 | 노드 선택                |   0.0213s | selected: 189
Iter  3 | Coreness Loss 계산     |   1.3229s | loss: 2736
Iter  3 | Subgraph 생성          |   0.6874s | nodes: 15058
Iter  3 | 노드 제거                |   0.0017s
Iter  3 | Follower 업데이트        | 315.4382s | computed: 385
Iter  3 | 데이터 업데이트             |  10.1873s
Iter  3 | Iteration 총 시간       | 337.8076s
--- Iteration 3 완료 ---


--- Iteration 4/10 시작 ---
Iter  4 | 연속 학습                |  11.6129s | epochs: 100
Iter  4 | EWC 업데이트             |   0.1114s
Iter  4 | Follower 예측          |   0.0840s
Iter  4 | 노드 선택                |   0.0173s | selected: 157
Iter  4 | Coreness Loss 계산     |   1.2900s | loss: 3514
Iter  4 | Subgraph 생성          |   0.5916s | nodes: 14542
Iter  4 | 노드 제거                |   0.0014s
Iter  4 | Follower 업데이트        | 315.7696s | computed: 389
Iter  4 | 데이터 업데이트             |   9.7664s
Iter  4 | Iteration 총 시간       | 339.5716s
--- Iteration 4 완료 ---


--- Iteration 5/10 시작 ---
Iter  5 | 연속 학습                |  13.5619s | epochs: 100
Iter  5 | EWC 업데이트             |   0.1332s
Iter  5 | Follower 예측          |   0.0962s
Iter  5 | 노드 선택                |   0.0160s | selected: 106
Iter  5 | Coreness Loss 계산     |   1.1274s | loss: 4166
Iter  5 | Subgraph 생성          |   0.5834s | nodes: 13446
Iter  5 | 노드 제거                |   0.0013s
Iter  5 | Follower 업데이트        | 268.2217s | computed: 326
Iter  5 | 데이터 업데이트             |   9.9631s
Iter  5 | Iteration 총 시간       | 294.4149s
--- Iteration 5 완료 ---


--- Iteration 6/10 시작 ---
Iter  6 | 연속 학습                |  15.6293s | epochs: 100
Iter  6 | EWC 업데이트             |   0.1549s
Iter  6 | Follower 예측          |   0.1148s
Iter  6 | 노드 선택                |   0.0131s | selected: 545
Iter  6 | Coreness Loss 계산     |   0.6898s | loss: 4675
Iter  6 | Subgraph 생성          |   0.2780s | nodes: 5516
Iter  6 | 노드 제거                |   0.0008s
Iter  6 | Follower 업데이트        | 219.1092s | computed: 254
Iter  6 | 데이터 업데이트             |   8.4895s
Iter  6 | Iteration 총 시간       | 244.8020s
--- Iteration 6 완료 ---


--- Iteration 7/10 시작 ---
Iter  7 | 연속 학습                |  17.3878s | epochs: 100
Iter  7 | EWC 업데이트             |   0.1695s
Iter  7 | Follower 예측          |   0.1234s
Iter  7 | 노드 선택                |   0.0131s | selected: 48
Iter  7 | Coreness Loss 계산     |   1.2521s | loss: 5181
Iter  7 | Subgraph 생성          |   0.4464s | nodes: 9925
Iter  7 | 노드 제거                |   0.0009s
Iter  7 | Follower 업데이트        | 211.2292s | computed: 254
Iter  7 | 데이터 업데이트             |   8.9462s
Iter  7 | Iteration 총 시간       | 239.8989s
--- Iteration 7 완료 ---


--- Iteration 8/10 시작 ---
Iter  8 | 연속 학습                |  19.5766s | epochs: 100
Iter  8 | EWC 업데이트             |   0.1845s
Iter  8 | Follower 예측          |   0.1383s
Iter  8 | 노드 선택                |   0.0116s | selected: 114
Iter  8 | Coreness Loss 계산     |   0.6639s | loss: 6015
Iter  8 | Subgraph 생성          |   1.1146s | nodes: 11811
Iter  8 | 노드 제거                |   0.0013s
Iter  8 | Follower 업데이트        | 332.7662s | computed: 418
Iter  8 | 데이터 업데이트             |   9.3795s
Iter  8 | Iteration 총 시간       | 364.1639s
--- Iteration 8 완료 ---


--- Iteration 9/10 시작 ---
Iter  9 | 연속 학습                |  21.0744s | epochs: 100
Iter  9 | EWC 업데이트             |   0.2016s
Iter  9 | Follower 예측          |   0.1547s
Iter  9 | 노드 선택                |   0.0119s | selected: 1678
Iter  9 | Coreness Loss 계산     |   0.6708s | loss: 6549
Iter  9 | Subgraph 생성          |   0.2180s | nodes: 3948
Iter  9 | 노드 제거                |   0.0008s
Iter  9 | Follower 업데이트        | 218.7291s | computed: 267
Iter  9 | 데이터 업데이트             |   7.7130s
Iter  9 | Iteration 총 시간       | 249.0989s
--- Iteration 9 완료 ---


--- Iteration 10/10 시작 ---
Iter 10 | 연속 학습                |  22.9505s | epochs: 100
Iter 10 | EWC 업데이트             |   0.2231s
Iter 10 | Follower 예측          |   0.1629s
Iter 10 | 노드 선택                |   0.0108s | selected: 204
Iter 10 | Coreness Loss 계산     |   0.7029s | loss: 6980
Iter 10 | Subgraph 생성          |   0.3534s | nodes: 8216
Iter 10 | 노드 제거                |   0.0008s
Iter 10 | Follower 업데이트        | 194.0969s | computed: 217
Iter 10 | 데이터 업데이트             |   8.3415s
Iter 10 | Iteration 총 시간       | 227.5639s
--- Iteration 10 완료 ---

=== 전체 실행 완료: 2025-05-24 22:32:41.405121 ===
총 실행 시간: 26895.6430s
[   0. 1011. 1966. 2736. 3514. 4166. 4675. 5181. 6015. 6549. 6980.] [29114.   505.   477.   385.   389.   326.   254.   254.   418.   267.
   217.]
