2025-05-22 17:04:32,522 - === 시간 측정 시작: 2025-05-22 17:04:32.522453 ===
2025-05-22 17:04:32,522 - 로그 파일: ../logs/GConvLSTM_partial_20250522_170432.log
2025-05-22 17:04:33,631 - Iter  0 | CorenessManager 초기화  |   0.8137s
2025-05-22 17:04:34,094 - Iter  0 | 모델 초기화               |   0.4629s
2025-05-22 17:09:06,877 - Iter  0 | 초기 Follower 계산       | 272.7830s | nodes: 2019
2025-05-22 17:09:10,912 - Iter  0 | 초기 데이터 준비            |   4.0341s
2025-05-22 17:09:10,912 - 
--- Iteration 1/10 시작 ---
2025-05-22 17:09:18,181 - Iter  1 | 초기 학습                |   7.1496s | epochs: 200
2025-05-22 17:09:18,266 - Iter  1 | EWC 초기화              |   0.0839s
2025-05-22 17:09:18,289 - Iter  1 | Follower 예측          |   0.0226s
2025-05-22 17:09:18,290 - Iter  1 | 노드 선택                |   0.0011s | selected: 107
2025-05-22 17:09:18,379 - Iter  1 | Coreness Loss 계산     |   0.0888s | loss: 1014
2025-05-22 17:09:18,625 - Iter  1 | Subgraph 생성          |   0.2461s | nodes: 2687
2025-05-22 17:09:20,748 - Iter  1 | 노드 제거                |   2.1230s
2025-05-22 17:10:37,905 - Iter  1 | Follower 업데이트        |  77.1569s | computed: 507
2025-05-22 17:10:42,546 - Iter  1 | 데이터 업데이트             |   4.6405s
2025-05-22 17:10:42,546 - Iter  1 | Iteration 총 시간       |  91.6341s
2025-05-22 17:10:42,546 - --- Iteration 1 완료 ---

2025-05-22 17:10:42,546 - 
--- Iteration 2/10 시작 ---
2025-05-22 17:10:49,713 - Iter  2 | 연속 학습                |   7.0823s | epochs: 100
2025-05-22 17:10:49,778 - Iter  2 | EWC 업데이트             |   0.0647s
2025-05-22 17:10:49,838 - Iter  2 | Follower 예측          |   0.0599s
2025-05-22 17:10:49,840 - Iter  2 | 노드 선택                |   0.0018s | selected: 1821
2025-05-22 17:10:49,915 - Iter  2 | Coreness Loss 계산     |   0.0748s | loss: 1559
2025-05-22 17:10:49,952 - Iter  2 | Subgraph 생성          |   0.0364s | nodes: 702
2025-05-22 17:10:50,194 - Iter  2 | 노드 제거                |   0.2427s
2025-05-22 17:11:32,619 - Iter  2 | Follower 업데이트        |  42.4242s | computed: 272
2025-05-22 17:11:36,903 - Iter  2 | 데이터 업데이트             |   4.2836s
2025-05-22 17:11:36,903 - Iter  2 | Iteration 총 시간       |  54.3569s
2025-05-22 17:11:36,903 - --- Iteration 2 완료 ---

2025-05-22 17:11:36,903 - 
--- Iteration 3/10 시작 ---
2025-05-22 17:11:46,273 - Iter  3 | 연속 학습                |   9.2305s | epochs: 100
2025-05-22 17:11:46,357 - Iter  3 | EWC 업데이트             |   0.0836s
2025-05-22 17:11:46,416 - Iter  3 | Follower 예측          |   0.0578s
2025-05-22 17:11:46,418 - Iter  3 | 노드 선택                |   0.0016s | selected: 1373
2025-05-22 17:11:46,515 - Iter  3 | Coreness Loss 계산     |   0.0972s | loss: 1818
2025-05-22 17:11:46,601 - Iter  3 | Subgraph 생성          |   0.0857s | nodes: 521
2025-05-22 17:11:46,956 - Iter  3 | 노드 제거                |   0.3554s
2025-05-22 17:12:22,954 - Iter  3 | Follower 업데이트        |  35.9979s | computed: 130
2025-05-22 17:12:26,347 - Iter  3 | 데이터 업데이트             |   3.3921s
2025-05-22 17:12:26,347 - Iter  3 | Iteration 총 시간       |  49.4439s
2025-05-22 17:12:26,347 - --- Iteration 3 완료 ---

2025-05-22 17:12:26,347 - 
--- Iteration 4/10 시작 ---
2025-05-22 17:12:37,330 - Iter  4 | 연속 학습                |  10.8892s | epochs: 100
2025-05-22 17:12:37,432 - Iter  4 | EWC 업데이트             |   0.1016s
2025-05-22 17:12:37,503 - Iter  4 | Follower 예측          |   0.0708s
2025-05-22 17:12:37,505 - Iter  4 | 노드 선택                |   0.0016s | selected: 1215
2025-05-22 17:12:37,598 - Iter  4 | Coreness Loss 계산     |   0.0928s | loss: 2056
2025-05-22 17:12:37,683 - Iter  4 | Subgraph 생성          |   0.0852s | nodes: 568
2025-05-22 17:12:37,980 - Iter  4 | 노드 제거                |   0.2966s
2025-05-22 17:13:09,862 - Iter  4 | Follower 업데이트        |  31.8817s | computed: 120
2025-05-22 17:13:13,218 - Iter  4 | 데이터 업데이트             |   3.3561s
2025-05-22 17:13:13,218 - Iter  4 | Iteration 총 시간       |  46.8714s
2025-05-22 17:13:13,218 - --- Iteration 4 완료 ---

2025-05-22 17:13:13,218 - 
--- Iteration 5/10 시작 ---
2025-05-22 17:13:25,630 - Iter  5 | 연속 학습                |  12.3263s | epochs: 100
2025-05-22 17:13:25,751 - Iter  5 | EWC 업데이트             |   0.1205s
2025-05-22 17:13:25,831 - Iter  5 | Follower 예측          |   0.0791s
2025-05-22 17:13:25,832 - Iter  5 | 노드 선택                |   0.0014s | selected: 1096
2025-05-22 17:13:25,932 - Iter  5 | Coreness Loss 계산     |   0.0997s | loss: 2111
2025-05-22 17:13:26,026 - Iter  5 | Subgraph 생성          |   0.0939s | nodes: 463
2025-05-22 17:13:26,239 - Iter  5 | 노드 제거                |   0.2126s
2025-05-22 17:13:32,431 - Iter  5 | Follower 업데이트        |   6.1922s | computed: 29
2025-05-22 17:13:37,127 - Iter  5 | 데이터 업데이트             |   4.6958s
2025-05-22 17:13:37,128 - Iter  5 | Iteration 총 시간       |  23.9092s
2025-05-22 17:13:37,128 - --- Iteration 5 완료 ---

2025-05-22 17:13:37,128 - 
--- Iteration 6/10 시작 ---
2025-05-22 17:13:51,592 - Iter  6 | 연속 학습                |  14.1323s | epochs: 100
2025-05-22 17:13:51,722 - Iter  6 | EWC 업데이트             |   0.1287s
2025-05-22 17:13:51,810 - Iter  6 | Follower 예측          |   0.0877s
2025-05-22 17:13:51,812 - Iter  6 | 노드 선택                |   0.0015s | selected: 1075
2025-05-22 17:13:51,898 - Iter  6 | Coreness Loss 계산     |   0.0862s | loss: 2312
2025-05-22 17:13:51,978 - Iter  6 | Subgraph 생성          |   0.0803s | nodes: 496
2025-05-22 17:13:52,235 - Iter  6 | 노드 제거                |   0.2564s
2025-05-22 17:14:21,479 - Iter  6 | Follower 업데이트        |  29.2442s | computed: 102
2025-05-22 17:14:26,297 - Iter  6 | 데이터 업데이트             |   4.8170s
2025-05-22 17:14:26,297 - Iter  6 | Iteration 총 시간       |  49.1692s
2025-05-22 17:14:26,297 - --- Iteration 6 완료 ---

2025-05-22 17:14:26,297 - 
--- Iteration 7/10 시작 ---
2025-05-22 17:14:41,810 - Iter  7 | 연속 학습                |  15.3838s | epochs: 100
2025-05-22 17:14:41,959 - Iter  7 | EWC 업데이트             |   0.1487s
2025-05-22 17:14:42,060 - Iter  7 | Follower 예측          |   0.1000s
2025-05-22 17:14:42,061 - Iter  7 | 노드 선택                |   0.0013s | selected: 957
2025-05-22 17:14:42,143 - Iter  7 | Coreness Loss 계산     |   0.0823s | loss: 2512
2025-05-22 17:14:42,220 - Iter  7 | Subgraph 생성          |   0.0760s | nodes: 492
2025-05-22 17:14:42,434 - Iter  7 | 노드 제거                |   0.2141s
2025-05-22 17:15:11,921 - Iter  7 | Follower 업데이트        |  29.4870s | computed: 102
2025-05-22 17:15:16,515 - Iter  7 | 데이터 업데이트             |   4.5935s
2025-05-22 17:15:16,515 - Iter  7 | Iteration 총 시간       |  50.2182s
2025-05-22 17:15:16,515 - --- Iteration 7 완료 ---

2025-05-22 17:15:16,515 - 
--- Iteration 8/10 시작 ---
2025-05-22 17:15:33,187 - Iter  8 | 연속 학습                |  16.5420s | epochs: 100
2025-05-22 17:15:33,326 - Iter  8 | EWC 업데이트             |   0.1389s
2025-05-22 17:15:33,438 - Iter  8 | Follower 예측          |   0.1110s
2025-05-22 17:15:33,439 - Iter  8 | 노드 선택                |   0.0012s | selected: 2154
2025-05-22 17:15:33,519 - Iter  8 | Coreness Loss 계산     |   0.0794s | loss: 2732
2025-05-22 17:15:33,655 - Iter  8 | Subgraph 생성          |   0.1361s | nodes: 771
2025-05-22 17:15:34,260 - Iter  8 | 노드 제거                |   0.6048s
2025-05-22 17:16:15,689 - Iter  8 | Follower 업데이트        |  41.4293s | computed: 110
2025-05-22 17:16:19,881 - Iter  8 | 데이터 업데이트             |   4.1916s
2025-05-22 17:16:19,881 - Iter  8 | Iteration 총 시간       |  63.3662s
2025-05-22 17:16:19,881 - --- Iteration 8 완료 ---

2025-05-22 17:16:19,881 - 
--- Iteration 9/10 시작 ---
2025-05-22 17:16:38,010 - Iter  9 | 연속 학습                |  18.0421s | epochs: 100
2025-05-22 17:16:38,196 - Iter  9 | EWC 업데이트             |   0.1847s
2025-05-22 17:16:38,317 - Iter  9 | Follower 예측          |   0.1203s
2025-05-22 17:16:38,318 - Iter  9 | 노드 선택                |   0.0013s | selected: 352
2025-05-22 17:16:38,395 - Iter  9 | Coreness Loss 계산     |   0.0772s | loss: 3482
2025-05-22 17:16:38,557 - Iter  9 | Subgraph 생성          |   0.1619s | nodes: 1001
2025-05-22 17:16:40,193 - Iter  9 | 노드 제거                |   1.6357s
2025-05-22 17:17:58,531 - Iter  9 | Follower 업데이트        |  78.3375s | computed: 375
2025-05-22 17:18:02,270 - Iter  9 | 데이터 업데이트             |   3.7388s
2025-05-22 17:18:02,270 - Iter  9 | Iteration 총 시간       | 102.3887s
2025-05-22 17:18:02,270 - --- Iteration 9 완료 ---

2025-05-22 17:18:02,270 - 
--- Iteration 10/10 시작 ---
2025-05-22 17:18:21,461 - Iter 10 | 연속 학습                |  19.1059s | epochs: 100
2025-05-22 17:18:21,652 - Iter 10 | EWC 업데이트             |   0.1899s
2025-05-22 17:18:21,782 - Iter 10 | Follower 예측          |   0.1288s
2025-05-22 17:18:21,783 - Iter 10 | 노드 선택                |   0.0013s | selected: 2995
2025-05-22 17:18:21,859 - Iter 10 | Coreness Loss 계산     |   0.0759s | loss: 3692
2025-05-22 17:18:21,981 - Iter 10 | Subgraph 생성          |   0.1222s | nodes: 546
2025-05-22 17:18:22,399 - Iter 10 | 노드 제거                |   0.4179s
2025-05-22 17:19:02,913 - Iter 10 | Follower 업데이트        |  40.5131s | computed: 106
2025-05-22 17:19:06,658 - Iter 10 | 데이터 업데이트             |   3.7450s
2025-05-22 17:19:06,658 - Iter 10 | Iteration 총 시간       |  64.3876s
2025-05-22 17:19:06,658 - --- Iteration 10 완료 ---

2025-05-22 17:19:06,658 - === 전체 실행 완료: 2025-05-22 17:19:06.658395 ===
2025-05-22 17:19:06,658 - 총 실행 시간: 874.1356s
