2025-05-22 17:04:51,224 - === 시간 측정 시작: 2025-05-22 17:04:51.224456 ===
2025-05-22 17:04:51,224 - 로그 파일: ../logs/origin_GConvLSTM_partial_20250522_170451.log
2025-05-22 17:04:51,582 - Iter  0 | CorenessManager 초기화  |   0.0639s
2025-05-22 17:04:52,177 - Iter  0 | 모델 초기화               |   0.5953s
2025-05-22 17:10:06,505 - Iter  0 | 초기 Follower 계산       | 314.3271s | nodes: 2019
2025-05-22 17:10:10,797 - Iter  0 | 초기 데이터 준비            |   4.2920s
2025-05-22 17:10:10,798 - 
--- Iteration 1/10 시작 ---
2025-05-22 17:10:17,605 - Iter  1 | 초기 학습                |   6.6180s | epochs: 200
2025-05-22 17:10:17,669 - Iter  1 | EWC 초기화              |   0.0634s
2025-05-22 17:10:17,690 - Iter  1 | Follower 예측          |   0.0211s
2025-05-22 17:10:17,691 - Iter  1 | 노드 선택                |   0.0010s | selected: 1373
2025-05-22 17:10:17,839 - Iter  1 | Coreness Loss 계산     |   0.1481s | loss: 261
2025-05-22 17:10:17,952 - Iter  1 | Subgraph 생성          |   0.1128s | nodes: 1046
2025-05-22 17:10:17,953 - Iter  1 | 노드 제거                |   0.0009s
2025-05-22 17:10:43,237 - Iter  1 | Follower 업데이트        |  25.2833s | computed: 130
2025-05-22 17:10:48,793 - Iter  1 | 데이터 업데이트             |   5.5565s
2025-05-22 17:10:48,794 - Iter  1 | Iteration 총 시간       |  37.9961s
2025-05-22 17:10:48,794 - --- Iteration 1 완료 ---

2025-05-22 17:10:48,794 - 
--- Iteration 2/10 시작 ---
2025-05-22 17:10:56,180 - Iter  2 | 연속 학습                |   7.2509s | epochs: 100
2025-05-22 17:10:56,247 - Iter  2 | EWC 업데이트             |   0.0661s
2025-05-22 17:10:56,292 - Iter  2 | Follower 예측          |   0.0455s
2025-05-22 17:10:56,294 - Iter  2 | 노드 선택                |   0.0018s | selected: 2145
2025-05-22 17:10:56,471 - Iter  2 | Coreness Loss 계산     |   0.1768s | loss: 490
2025-05-22 17:10:56,604 - Iter  2 | Subgraph 생성          |   0.1320s | nodes: 766
2025-05-22 17:10:56,604 - Iter  2 | 노드 제거                |   0.0005s
2025-05-22 17:11:20,384 - Iter  2 | Follower 업데이트        |  23.7796s | computed: 114
2025-05-22 17:11:26,056 - Iter  2 | 데이터 업데이트             |   5.6717s
2025-05-22 17:11:26,056 - Iter  2 | Iteration 총 시간       |  37.2622s
2025-05-22 17:11:26,056 - --- Iteration 2 완료 ---

2025-05-22 17:11:26,056 - 
--- Iteration 3/10 시작 ---
2025-05-22 17:11:35,418 - Iter  3 | 연속 학습                |   9.2271s | epochs: 100
2025-05-22 17:11:35,512 - Iter  3 | EWC 업데이트             |   0.0930s
2025-05-22 17:11:35,572 - Iter  3 | Follower 예측          |   0.0602s
2025-05-22 17:11:35,574 - Iter  3 | 노드 선택                |   0.0018s | selected: 1490
2025-05-22 17:11:35,734 - Iter  3 | Coreness Loss 계산     |   0.1598s | loss: 720
2025-05-22 17:11:35,876 - Iter  3 | Subgraph 생성          |   0.1418s | nodes: 834
2025-05-22 17:11:35,877 - Iter  3 | 노드 제거                |   0.0007s
2025-05-22 17:12:00,086 - Iter  3 | Follower 업데이트        |  24.2089s | computed: 115
2025-05-22 17:12:05,455 - Iter  3 | 데이터 업데이트             |   5.3683s
2025-05-22 17:12:05,455 - Iter  3 | Iteration 총 시간       |  39.3985s
2025-05-22 17:12:05,455 - --- Iteration 3 완료 ---

2025-05-22 17:12:05,455 - 
--- Iteration 4/10 시작 ---
2025-05-22 17:12:16,896 - Iter  4 | 연속 학습                |  11.3106s | epochs: 100
2025-05-22 17:12:16,998 - Iter  4 | EWC 업데이트             |   0.1019s
2025-05-22 17:12:17,071 - Iter  4 | Follower 예측          |   0.0725s
2025-05-22 17:12:17,073 - Iter  4 | 노드 선택                |   0.0016s | selected: 2154
2025-05-22 17:12:17,235 - Iter  4 | Coreness Loss 계산     |   0.1626s | loss: 1037
2025-05-22 17:12:17,369 - Iter  4 | Subgraph 생성          |   0.1335s | nodes: 770
2025-05-22 17:12:17,370 - Iter  4 | 노드 제거                |   0.0006s
2025-05-22 17:12:47,603 - Iter  4 | Follower 업데이트        |  30.2334s | computed: 159
2025-05-22 17:12:51,325 - Iter  4 | 데이터 업데이트             |   3.7215s
2025-05-22 17:12:51,325 - Iter  4 | Iteration 총 시간       |  45.8702s
2025-05-22 17:12:51,325 - --- Iteration 4 완료 ---

2025-05-22 17:12:51,325 - 
--- Iteration 5/10 시작 ---
2025-05-22 17:13:04,172 - Iter  5 | 연속 학습                |  12.7645s | epochs: 100
2025-05-22 17:13:04,291 - Iter  5 | EWC 업데이트             |   0.1188s
2025-05-22 17:13:04,376 - Iter  5 | Follower 예측          |   0.0844s
2025-05-22 17:13:04,377 - Iter  5 | 노드 선택                |   0.0012s | selected: 1253
2025-05-22 17:13:04,537 - Iter  5 | Coreness Loss 계산     |   0.1595s | loss: 1266
2025-05-22 17:13:04,652 - Iter  5 | Subgraph 생성          |   0.1150s | nodes: 1066
2025-05-22 17:13:04,653 - Iter  5 | 노드 제거                |   0.0005s
2025-05-22 17:13:27,691 - Iter  5 | Follower 업데이트        |  23.0386s | computed: 115
2025-05-22 17:13:32,811 - Iter  5 | 데이터 업데이트             |   5.1196s
2025-05-22 17:13:32,811 - Iter  5 | Iteration 총 시간       |  41.4861s
2025-05-22 17:13:32,811 - --- Iteration 5 완료 ---

2025-05-22 17:13:32,811 - 
--- Iteration 6/10 시작 ---
2025-05-22 17:13:47,240 - Iter  6 | 연속 학습                |  14.3032s | epochs: 100
2025-05-22 17:13:47,383 - Iter  6 | EWC 업데이트             |   0.1420s
2025-05-22 17:13:47,487 - Iter  6 | Follower 예측          |   0.1040s
2025-05-22 17:13:47,488 - Iter  6 | 노드 선택                |   0.0010s | selected: 2152
2025-05-22 17:13:47,631 - Iter  6 | Coreness Loss 계산     |   0.1425s | loss: 1435
2025-05-22 17:13:47,758 - Iter  6 | Subgraph 생성          |   0.1267s | nodes: 810
2025-05-22 17:13:47,758 - Iter  6 | 노드 제거                |   0.0003s
2025-05-22 17:14:05,848 - Iter  6 | Follower 업데이트        |  18.0894s | computed: 85
2025-05-22 17:14:11,679 - Iter  6 | 데이터 업데이트             |   5.8312s
2025-05-22 17:14:11,680 - Iter  6 | Iteration 총 시간       |  38.8682s
2025-05-22 17:14:11,680 - --- Iteration 6 완료 ---

2025-05-22 17:14:11,680 - 
--- Iteration 7/10 시작 ---
2025-05-22 17:14:27,633 - Iter  7 | 연속 학습                |  15.8230s | epochs: 100
2025-05-22 17:14:27,795 - Iter  7 | EWC 업데이트             |   0.1603s
2025-05-22 17:14:27,907 - Iter  7 | Follower 예측          |   0.1120s
2025-05-22 17:14:27,909 - Iter  7 | 노드 선택                |   0.0013s | selected: 1070
2025-05-22 17:14:28,056 - Iter  7 | Coreness Loss 계산     |   0.1470s | loss: 1535
2025-05-22 17:14:28,181 - Iter  7 | Subgraph 생성          |   0.1252s | nodes: 1087
2025-05-22 17:14:28,182 - Iter  7 | 노드 제거                |   0.0005s
2025-05-22 17:14:39,128 - Iter  7 | Follower 업데이트        |  10.9461s | computed: 51
2025-05-22 17:14:44,305 - Iter  7 | 데이터 업데이트             |   5.1762s
2025-05-22 17:14:44,305 - Iter  7 | Iteration 총 시간       |  32.6250s
2025-05-22 17:14:44,305 - --- Iteration 7 완료 ---

2025-05-22 17:14:44,305 - 
--- Iteration 8/10 시작 ---
2025-05-22 17:15:01,475 - Iter  8 | 연속 학습                |  17.0356s | epochs: 100
2025-05-22 17:15:01,643 - Iter  8 | EWC 업데이트             |   0.1673s
2025-05-22 17:15:01,760 - Iter  8 | Follower 예측          |   0.1161s
2025-05-22 17:15:01,761 - Iter  8 | 노드 선택                |   0.0012s | selected: 1063
2025-05-22 17:15:01,905 - Iter  8 | Coreness Loss 계산     |   0.1440s | loss: 1696
2025-05-22 17:15:02,147 - Iter  8 | Subgraph 생성          |   0.2413s | nodes: 1812
2025-05-22 17:15:02,147 - Iter  8 | 노드 제거                |   0.0003s
2025-05-22 17:15:18,897 - Iter  8 | Follower 업데이트        |  16.7500s | computed: 81
2025-05-22 17:15:25,567 - Iter  8 | 데이터 업데이트             |   6.6692s
2025-05-22 17:15:25,567 - Iter  8 | Iteration 총 시간       |  41.2621s
2025-05-22 17:15:25,567 - --- Iteration 8 완료 ---

2025-05-22 17:15:25,567 - 
--- Iteration 9/10 시작 ---
2025-05-22 17:15:44,291 - Iter  9 | 연속 학습                |  18.5852s | epochs: 100
2025-05-22 17:15:44,472 - Iter  9 | EWC 업데이트             |   0.1803s
2025-05-22 17:15:44,597 - Iter  9 | Follower 예측          |   0.1239s
2025-05-22 17:15:44,598 - Iter  9 | 노드 선택                |   0.0012s | selected: 1285
2025-05-22 17:15:44,740 - Iter  9 | Coreness Loss 계산     |   0.1418s | loss: 1936
2025-05-22 17:15:44,862 - Iter  9 | Subgraph 생성          |   0.1221s | nodes: 1063
2025-05-22 17:15:44,863 - Iter  9 | 노드 제거                |   0.0005s
2025-05-22 17:16:09,636 - Iter  9 | Follower 업데이트        |  24.7735s | computed: 121
2025-05-22 17:16:14,551 - Iter  9 | 데이터 업데이트             |   4.9147s
2025-05-22 17:16:14,552 - Iter  9 | Iteration 총 시간       |  48.9845s
2025-05-22 17:16:14,552 - --- Iteration 9 완료 ---

2025-05-22 17:16:14,552 - 
--- Iteration 10/10 시작 ---
2025-05-22 17:16:33,753 - Iter 10 | 연속 학습                |  19.0843s | epochs: 100
2025-05-22 17:16:33,947 - Iter 10 | EWC 업데이트             |   0.1935s
2025-05-22 17:16:34,079 - Iter 10 | Follower 예측          |   0.1312s
2025-05-22 17:16:34,080 - Iter 10 | 노드 선택                |   0.0012s | selected: 107
2025-05-22 17:16:34,217 - Iter 10 | Coreness Loss 계산     |   0.1365s | loss: 2948
2025-05-22 17:16:34,458 - Iter 10 | Subgraph 생성          |   0.2410s | nodes: 2650
2025-05-22 17:16:34,459 - Iter 10 | 노드 제거                |   0.0012s
2025-05-22 17:18:03,084 - Iter 10 | Follower 업데이트        |  88.6245s | computed: 507
2025-05-22 17:18:07,700 - Iter 10 | 데이터 업데이트             |   4.6160s
2025-05-22 17:18:07,700 - Iter 10 | Iteration 총 시간       | 113.1483s
2025-05-22 17:18:07,700 - --- Iteration 10 완료 ---

2025-05-22 17:18:07,700 - === 전체 실행 완료: 2025-05-22 17:18:07.700571 ===
2025-05-22 17:18:07,700 - 총 실행 시간: 796.4757s
